...found 16 targets...
...updating 8 targets...
common.mkdir /home/sysnova/workspace/casparLinux/dependencies/boost/boost
common.mkdir /home/sysnova/workspace/casparLinux/dependencies/boost/boost/bin.v2
common.mkdir /home/sysnova/workspace/casparLinux/dependencies/boost/boost/bin.v2/libs
common.mkdir /home/sysnova/workspace/casparLinux/dependencies/boost/boost/bin.v2/libs/context
common.mkdir /home/sysnova/workspace/casparLinux/dependencies/boost/boost/bin.v2/libs/context/config
common.mkdir /home/sysnova/workspace/casparLinux/dependencies/boost/boost/bin.v2/libs/context/config/gcc-4.7
common.mkdir /home/sysnova/workspace/casparLinux/dependencies/boost/boost/bin.v2/libs/context/config/gcc-4.7/debug
gcc.compile.c++ /home/sysnova/workspace/casparLinux/dependencies/boost/boost/bin.v2/libs/context/config/gcc-4.7/debug/32.o
/home/sysnova/workspace/dump/boost_1_57_0/libs/context/config/32.cpp:9:36: error: size of array ‘test’ is negative

    "g++"  -ftemplate-depth-128 -O0 -fno-inline -Wall -g -fPIC  -DBOOST_ALL_NO_LIB=1  -I"." -c -o "/home/sysnova/workspace/casparLinux/dependencies/boost/boost/bin.v2/libs/context/config/gcc-4.7/debug/32.o" "/home/sysnova/workspace/dump/boost_1_57_0/libs/context/config/32.cpp"

...failed gcc.compile.c++ /home/sysnova/workspace/casparLinux/dependencies/boost/boost/bin.v2/libs/context/config/gcc-4.7/debug/32.o...
...failed updating 1 target...
...updated 7 targets...
...found 2 targets...
...updating 1 target...
gcc.compile.c++ /home/sysnova/workspace/casparLinux/dependencies/boost/boost/bin.v2/libs/context/config/gcc-4.7/debug/64.o
...updated 1 target...
...found 2 targets...
...updating 1 target...
gcc.compile.c++ /home/sysnova/workspace/casparLinux/dependencies/boost/boost/bin.v2/libs/context/config/gcc-4.7/debug/arm.o
/home/sysnova/workspace/dump/boost_1_57_0/libs/context/config/arm.cpp:12:2: error: #error "Not ARM"

    "g++"  -ftemplate-depth-128 -O0 -fno-inline -Wall -g -fPIC  -DBOOST_ALL_NO_LIB=1  -I"." -c -o "/home/sysnova/workspace/casparLinux/dependencies/boost/boost/bin.v2/libs/context/config/gcc-4.7/debug/arm.o" "/home/sysnova/workspace/dump/boost_1_57_0/libs/context/config/arm.cpp"

...failed gcc.compile.c++ /home/sysnova/workspace/casparLinux/dependencies/boost/boost/bin.v2/libs/context/config/gcc-4.7/debug/arm.o...
...failed updating 1 target...
...found 2 targets...
...updating 1 target...
gcc.compile.c++ /home/sysnova/workspace/casparLinux/dependencies/boost/boost/bin.v2/libs/context/config/gcc-4.7/debug/mips1.o
/home/sysnova/workspace/dump/boost_1_57_0/libs/context/config/mips1.cpp:10:2: error: #error "Not MIPS1"

    "g++"  -ftemplate-depth-128 -O0 -fno-inline -Wall -g -fPIC  -DBOOST_ALL_NO_LIB=1  -I"." -c -o "/home/sysnova/workspace/casparLinux/dependencies/boost/boost/bin.v2/libs/context/config/gcc-4.7/debug/mips1.o" "/home/sysnova/workspace/dump/boost_1_57_0/libs/context/config/mips1.cpp"

...failed gcc.compile.c++ /home/sysnova/workspace/casparLinux/dependencies/boost/boost/bin.v2/libs/context/config/gcc-4.7/debug/mips1.o...
...failed updating 1 target...
...found 2 targets...
...updating 1 target...
gcc.compile.c++ /home/sysnova/workspace/casparLinux/dependencies/boost/boost/bin.v2/libs/context/config/gcc-4.7/debug/power.o
/home/sysnova/workspace/dump/boost_1_57_0/libs/context/config/power.cpp:13:2: error: #error "Not PPC"

    "g++"  -ftemplate-depth-128 -O0 -fno-inline -Wall -g -fPIC  -DBOOST_ALL_NO_LIB=1  -I"." -c -o "/home/sysnova/workspace/casparLinux/dependencies/boost/boost/bin.v2/libs/context/config/gcc-4.7/debug/power.o" "/home/sysnova/workspace/dump/boost_1_57_0/libs/context/config/power.cpp"

...failed gcc.compile.c++ /home/sysnova/workspace/casparLinux/dependencies/boost/boost/bin.v2/libs/context/config/gcc-4.7/debug/power.o...
...failed updating 1 target...
...found 2 targets...
...updating 1 target...
gcc.compile.c++ /home/sysnova/workspace/casparLinux/dependencies/boost/boost/bin.v2/libs/context/config/gcc-4.7/debug/sparc.o
/home/sysnova/workspace/dump/boost_1_57_0/libs/context/config/sparc.cpp:10:2: error: #error "Not SPARC"

    "g++"  -ftemplate-depth-128 -O0 -fno-inline -Wall -g -fPIC  -DBOOST_ALL_NO_LIB=1  -I"." -c -o "/home/sysnova/workspace/casparLinux/dependencies/boost/boost/bin.v2/libs/context/config/gcc-4.7/debug/sparc.o" "/home/sysnova/workspace/dump/boost_1_57_0/libs/context/config/sparc.cpp"

...failed gcc.compile.c++ /home/sysnova/workspace/casparLinux/dependencies/boost/boost/bin.v2/libs/context/config/gcc-4.7/debug/sparc.o...
...failed updating 1 target...
...found 2 targets...
...updating 1 target...
gcc.compile.c++ /home/sysnova/workspace/casparLinux/dependencies/boost/boost/bin.v2/libs/context/config/gcc-4.7/debug/x86.o
...updated 1 target...
...patience...
...found 305 targets...
...updating 14 targets...
common.mkdir /home/sysnova/workspace/casparLinux/dependencies/boost/boost/bin.v2/libs/thread
common.mkdir /home/sysnova/workspace/casparLinux/dependencies/boost/boost/bin.v2/libs/thread/build
common.mkdir /home/sysnova/workspace/casparLinux/dependencies/boost/boost/bin.v2/libs/thread/build/gcc-4.7
common.mkdir /home/sysnova/workspace/casparLinux/dependencies/boost/boost/bin.v2/libs/thread/build/gcc-4.7/debug
common.mkdir /home/sysnova/workspace/casparLinux/dependencies/boost/boost/bin.v2/libs/thread/build/gcc-4.7/debug/threading-multi
gcc.compile.c++ /home/sysnova/workspace/casparLinux/dependencies/boost/boost/bin.v2/libs/thread/build/gcc-4.7/debug/threading-multi/has_atomic_flag_lockfree_test.o
libs/thread/src/../build/has_atomic_flag_lockfree_test.cpp:9:5: warning: unused parameter ‘argc’ [-Wunused-parameter]
libs/thread/src/../build/has_atomic_flag_lockfree_test.cpp:9:5: warning: unused parameter ‘argv’ [-Wunused-parameter]
common.mkdir /home/sysnova/workspace/casparLinux/dependencies/boost/boost/bin.v2/libs/system
common.mkdir /home/sysnova/workspace/casparLinux/dependencies/boost/boost/bin.v2/libs/system/build
common.mkdir /home/sysnova/workspace/casparLinux/dependencies/boost/boost/bin.v2/libs/system/build/gcc-4.7
common.mkdir /home/sysnova/workspace/casparLinux/dependencies/boost/boost/bin.v2/libs/system/build/gcc-4.7/debug
common.mkdir /home/sysnova/workspace/casparLinux/dependencies/boost/boost/bin.v2/libs/system/build/gcc-4.7/debug/threading-multi
gcc.compile.c++ /home/sysnova/workspace/casparLinux/dependencies/boost/boost/bin.v2/libs/system/build/gcc-4.7/debug/threading-multi/error_code.o
gcc.link.dll /home/sysnova/workspace/casparLinux/dependencies/boost/boost/bin.v2/libs/system/build/gcc-4.7/debug/threading-multi/libboost_system.so.1.57.0
gcc.link /home/sysnova/workspace/casparLinux/dependencies/boost/boost/bin.v2/libs/thread/build/gcc-4.7/debug/threading-multi/has_atomic_flag_lockfree
...updated 14 targets...
...found 11 targets...
...updating 6 targets...
common.mkdir /home/sysnova/workspace/casparLinux/dependencies/boost/boost/bin.v2/libs/regex
common.mkdir /home/sysnova/workspace/casparLinux/dependencies/boost/boost/bin.v2/libs/regex/build
common.mkdir /home/sysnova/workspace/casparLinux/dependencies/boost/boost/bin.v2/libs/regex/build/gcc-4.7
common.mkdir /home/sysnova/workspace/casparLinux/dependencies/boost/boost/bin.v2/libs/regex/build/gcc-4.7/debug
gcc.compile.c++ /home/sysnova/workspace/casparLinux/dependencies/boost/boost/bin.v2/libs/regex/build/gcc-4.7/debug/has_icu_test.o
libs/regex/build/has_icu_test.cpp: In function ‘int main()’:
libs/regex/build/has_icu_test.cpp:24:12: warning: unused variable ‘c’ [-Wunused-variable]
gcc.link /home/sysnova/workspace/casparLinux/dependencies/boost/boost/bin.v2/libs/regex/build/gcc-4.7/debug/has_icu
...updated 6 targets...
...found 9 targets...
...updating 7 targets...
common.mkdir /home/sysnova/workspace/casparLinux/dependencies/boost/boost/bin.v2/standalone
common.mkdir /home/sysnova/workspace/casparLinux/dependencies/boost/boost/bin.v2/standalone/ac
common.mkdir /home/sysnova/workspace/casparLinux/dependencies/boost/boost/bin.v2/standalone/ac/gcc-4.7
common.mkdir /home/sysnova/workspace/casparLinux/dependencies/boost/boost/bin.v2/standalone/ac/gcc-4.7/release
common.mkdir /home/sysnova/workspace/casparLinux/dependencies/boost/boost/bin.v2/standalone/ac/gcc-4.7/release/threading-multi
gcc.compile.c++ /home/sysnova/workspace/casparLinux/dependencies/boost/boost/bin.v2/standalone/ac/gcc-4.7/release/threading-multi/zlib.h.o
...updated 7 targets...
...found 5 targets...
...updating 3 targets...
gcc.compile.c++ /home/sysnova/workspace/casparLinux/dependencies/boost/boost/bin.v2/standalone/ac/gcc-4.7/release/threading-multi/main.o
gcc.link /home/sysnova/workspace/casparLinux/dependencies/boost/boost/bin.v2/standalone/ac/gcc-4.7/release/threading-multi/z
...updated 3 targets...
...found 8 targets...
...updating 6 targets...
common.mkdir /home/sysnova/workspace/casparLinux/dependencies/boost/boost/bin.v2/libs/locale
common.mkdir /home/sysnova/workspace/casparLinux/dependencies/boost/boost/bin.v2/libs/locale/build
common.mkdir /home/sysnova/workspace/casparLinux/dependencies/boost/boost/bin.v2/libs/locale/build/gcc-4.7
common.mkdir /home/sysnova/workspace/casparLinux/dependencies/boost/boost/bin.v2/libs/locale/build/gcc-4.7/debug
gcc.compile.c++ /home/sysnova/workspace/casparLinux/dependencies/boost/boost/bin.v2/libs/locale/build/gcc-4.7/debug/has_iconv_libc_obj.o
gcc.link /home/sysnova/workspace/casparLinux/dependencies/boost/boost/bin.v2/libs/locale/build/gcc-4.7/debug/has_iconv
...updated 6 targets...
...found 4 targets...
...updating 2 targets...
gcc.compile.c++ /home/sysnova/workspace/casparLinux/dependencies/boost/boost/bin.v2/libs/locale/build/gcc-4.7/debug/has_icu_obj.o
libs/locale/src/../build/has_icu_test.cpp: In function ‘int main()’:
libs/locale/src/../build/has_icu_test.cpp:26:12: warning: unused variable ‘c’ [-Wunused-variable]
gcc.link /home/sysnova/workspace/casparLinux/dependencies/boost/boost/bin.v2/libs/locale/build/gcc-4.7/debug/has_icu
...updated 2 targets...
...found 9 targets...
...updating 7 targets...
common.mkdir /home/sysnova/workspace/casparLinux/dependencies/boost/boost/bin.v2/libs/log
common.mkdir /home/sysnova/workspace/casparLinux/dependencies/boost/boost/bin.v2/libs/log/config
common.mkdir /home/sysnova/workspace/casparLinux/dependencies/boost/boost/bin.v2/libs/log/config/x86-ext
common.mkdir /home/sysnova/workspace/casparLinux/dependencies/boost/boost/bin.v2/libs/log/config/x86-ext/gcc-4.7
common.mkdir /home/sysnova/workspace/casparLinux/dependencies/boost/boost/bin.v2/libs/log/config/x86-ext/gcc-4.7/debug
common.mkdir /home/sysnova/workspace/casparLinux/dependencies/boost/boost/bin.v2/libs/log/config/x86-ext/gcc-4.7/debug/pch-off
gcc.compile.c++ /home/sysnova/workspace/casparLinux/dependencies/boost/boost/bin.v2/libs/log/config/x86-ext/gcc-4.7/debug/pch-off/ssse3.o
...updated 7 targets...
...found 3 targets...
...updating 1 target...
gcc.compile.c++ /home/sysnova/workspace/casparLinux/dependencies/boost/boost/bin.v2/libs/log/config/x86-ext/gcc-4.7/debug/pch-off/avx2.o
...updated 1 target...
...found 6 targets...
...updating 5 targets...
common.mkdir /home/sysnova/workspace/casparLinux/dependencies/boost/boost/bin.v2/libs/math
common.mkdir /home/sysnova/workspace/casparLinux/dependencies/boost/boost/bin.v2/libs/math/config
common.mkdir /home/sysnova/workspace/casparLinux/dependencies/boost/boost/bin.v2/libs/math/config/gcc-4.7
common.mkdir /home/sysnova/workspace/casparLinux/dependencies/boost/boost/bin.v2/libs/math/config/gcc-4.7/debug
gcc.compile.c++ /home/sysnova/workspace/casparLinux/dependencies/boost/boost/bin.v2/libs/math/config/gcc-4.7/debug/has_gcc_visibility.o
...updated 5 targets...
...found 18 targets...
...updating 1 target...
gcc.compile.c++ /home/sysnova/workspace/casparLinux/dependencies/boost/boost/bin.v2/libs/math/config/gcc-4.7/debug/has_long_double_support.o
...updated 1 target...
...found 3 targets...
...updating 3 targets...
common.mkdir /home/sysnova/workspace/casparLinux/dependencies/boost/boost/bin.v2/standalone/ac/gcc-4.7/release/link-static
common.mkdir /home/sysnova/workspace/casparLinux/dependencies/boost/boost/bin.v2/standalone/ac/gcc-4.7/release/link-static/threading-multi
gcc.compile.c++ /home/sysnova/workspace/casparLinux/dependencies/boost/boost/bin.v2/standalone/ac/gcc-4.7/release/link-static/threading-multi/zlib.h.o
...updated 3 targets...
...found 2 targets...
...updating 2 targets...
gcc.compile.c++ /home/sysnova/workspace/casparLinux/dependencies/boost/boost/bin.v2/standalone/ac/gcc-4.7/release/link-static/threading-multi/main.o
gcc.link /home/sysnova/workspace/casparLinux/dependencies/boost/boost/bin.v2/standalone/ac/gcc-4.7/release/link-static/threading-multi/z
...updated 2 targets...
...found 1 target...
...updating 1 target...
config-cache.write /home/sysnova/workspace/casparLinux/dependencies/boost/boost/bin.v2/project-cache.jam
...updated 1 target...
